FUSE library version: 2.9.9
unique: 2, opcode: INIT (26), nodeid: 0, insize: 56, pid: 0
INIT: 7.32
flags=0x03fffffb
max_readahead=0x00020000
   INIT: 7.19
   flags=0x00000000
   max_readahead=0x00020000
   max_write=0x00020000
   max_background=0
   congestion_threshold=0
   unique: 2, success, outsize: 40
unique: 4, opcode: OPENDIR (27), nodeid: 1, insize: 48, pid: 276
   unique: 4, success, outsize: 32
unique: 6, opcode: GETATTR (3), nodeid: 1, insize: 56, pid: 276
getdir 0000000000000001
   getattr -> 0 1635603220 1635603220
   unique: 6, success, outsize: 120
unique: 8, opcode: READDIR (28), nodeid: 1, insize: 80, pid: 276
fuseserver_readdir
isdir: 1 is a dir
   unique: 8, success, outsize: 16
unique: 10, opcode: RELEASEDIR (29), nodeid: 1, insize: 64, pid: 0
   unique: 10, success, outsize: 16
unique: 12, opcode: LOOKUP (1), nodeid: 1, insize: 42, pid: 277
isdir: 1 is a dir
look up for * in 1
   unique: 12, error: -2 (No such file or directory), outsize: 16
unique: 14, opcode: LOOKUP (1), nodeid: 1, insize: 42, pid: 277
isdir: 1 is a dir
look up for * in 1
   unique: 14, error: -2 (No such file or directory), outsize: 16
unique: 16, opcode: GETATTR (3), nodeid: 1, insize: 56, pid: 276
getdir 0000000000000001
   getattr -> 1635603224 1635603220 1635603224
   unique: 16, success, outsize: 120
unique: 18, opcode: ACCESS (34), nodeid: 1, insize: 48, pid: 276
   unique: 18, error: -38 (Function not implemented), outsize: 16
unique: 20, opcode: GETATTR (3), nodeid: 1, insize: 56, pid: 276
getdir 0000000000000001
   getattr -> 1635603224 1635603220 1635603224
   unique: 20, success, outsize: 120
unique: 22, opcode: GETATTR (3), nodeid: 1, insize: 56, pid: 278
getdir 0000000000000001
   getattr -> 1635603224 1635603220 1635603224
   unique: 22, success, outsize: 120
unique: 24, opcode: GETATTR (3), nodeid: 1, insize: 56, pid: 292
getdir 0000000000000001
   getattr -> 1635603224 1635603220 1635603224
   unique: 24, success, outsize: 120
unique: 26, opcode: GETATTR (3), nodeid: 1, insize: 56, pid: 293
getdir 0000000000000001
   getattr -> 1635603224 1635603220 1635603224
   unique: 26, success, outsize: 120
unique: 28, opcode: GETATTR (3), nodeid: 1, insize: 56, pid: 294
getdir 0000000000000001
   getattr -> 1635603224 1635603220 1635603224
   unique: 28, success, outsize: 120
unique: 30, opcode: GETATTR (3), nodeid: 1, insize: 56, pid: 295
getdir 0000000000000001
   getattr -> 1635603224 1635603220 1635603224
   unique: 30, success, outsize: 120
unique: 32, opcode: LOOKUP (1), nodeid: 1, insize: 47, pid: 296
isdir: 1 is a dir
look up for mr-0-0 in 1
   unique: 32, error: -2 (No such file or directory), outsize: 16
unique: 34, opcode: CREATE (35), nodeid: 1, insize: 63, pid: 296
isdir: 1 is a dir
getfile 0000000000000002 -> sz 0
   getattr -> 0
   unique: 34, success, outsize: 160
OK: create returns.
unique: 36, opcode: GETXATTR (22), nodeid: 2, insize: 68, pid: 296
   unique: 36, error: -38 (Function not implemented), outsize: 16
unique: 38, opcode: LOOKUP (1), nodeid: 1, insize: 47, pid: 301
isdir: 1 is a dir
look up for mr-2-0 in 1
   unique: 38, error: -2 (No such file or directory), outsize: 16
unique: 40, opcode: WRITE (16), nodeid: 2, insize: 4176, pid: 296
   unique: 40, success, outsize: 24
unique: 42, opcode: CREATE (35), nodeid: 1, insize: 63, pid: 301
isdir: 1 is a dir
getfile 0000000000000003 -> sz 0
   getattr -> 0
   unique: 42, success, outsize: 160
OK: create returns.
unique: 44, opcode: WRITE (16), nodeid: 2, insize: 1908, pid: 296
   unique: 44, success, outsize: 24
unique: 46, opcode: LOOKUP (1), nodeid: 1, insize: 47, pid: 299
isdir: 1 is a dir
look up for mr-1-0 in 1
   unique: 46, error: -2 (No such file or directory), outsize: 16
unique: 48, opcode: WRITE (16), nodeid: 3, insize: 2119, pid: 301
   unique: 48, success, outsize: 24
unique: 50, opcode: FLUSH (25), nodeid: 2, insize: 64, pid: 296
   unique: 50, error: -38 (Function not implemented), outsize: 16
unique: 52, opcode: CREATE (35), nodeid: 1, insize: 63, pid: 299
isdir: 1 is a dir
getfile 0000000000000004 -> sz 0
   getattr -> 0
   unique: 52, success, outsize: 160
OK: create returns.
unique: 54, opcode: FLUSH (25), nodeid: 3, insize: 64, pid: 301
   unique: 54, error: -38 (Function not implemented), outsize: 16
unique: 56, opcode: RELEASE (18), nodeid: 2, insize: 64, pid: 0
   unique: 56, success, outsize: 16
unique: 58, opcode: WRITE (16), nodeid: 4, insize: 4176, pid: 299
   unique: 58, success, outsize: 24
unique: 60, opcode: LOOKUP (1), nodeid: 1, insize: 47, pid: 303
isdir: 1 is a dir
look up for mr-3-0 in 1
   unique: 60, error: -2 (No such file or directory), outsize: 16
unique: 62, opcode: RELEASE (18), nodeid: 3, insize: 64, pid: 0
   unique: 62, success, outsize: 16
unique: 64, opcode: WRITE (16), nodeid: 4, insize: 3949, pid: 299
   unique: 64, success, outsize: 24
unique: 66, opcode: CREATE (35), nodeid: 1, insize: 63, pid: 303
isdir: 1 is a dir
getfile 0000000000000005 -> sz 0
   getattr -> 0
   unique: 66, success, outsize: 160
OK: create returns.
unique: 68, opcode: RELEASE (18), nodeid: 4, insize: 64, pid: 0
   unique: 68, success, outsize: 16
unique: 70, opcode: WRITE (16), nodeid: 5, insize: 4176, pid: 303
   unique: 70, success, outsize: 24
unique: 72, opcode: LOOKUP (1), nodeid: 1, insize: 47, pid: 296
isdir: 1 is a dir
look up for mr-0-1 in 1
   unique: 72, error: -2 (No such file or directory), outsize: 16
unique: 74, opcode: WRITE (16), nodeid: 5, insize: 4176, pid: 303
   unique: 74, success, outsize: 24
unique: 76, opcode: CREATE (35), nodeid: 1, insize: 63, pid: 296
isdir: 1 is a dir
getfile 0000000000000006 -> sz 0
   getattr -> 0
   unique: 76, success, outsize: 160
OK: create returns.
unique: 78, opcode: WRITE (16), nodeid: 5, insize: 2850, pid: 303
   unique: 78, success, outsize: 24
unique: 80, opcode: LOOKUP (1), nodeid: 1, insize: 47, pid: 301
isdir: 1 is a dir
look up for mr-2-1 in 1
   unique: 80, error: -2 (No such file or directory), outsize: 16
unique: 82, opcode: WRITE (16), nodeid: 6, insize: 4176, pid: 296
   unique: 82, success, outsize: 24
unique: 84, opcode: RELEASE (18), nodeid: 5, insize: 64, pid: 0
   unique: 84, success, outsize: 16
unique: 86, opcode: CREATE (35), nodeid: 1, insize: 63, pid: 301
isdir: 1 is a dir
getfile 0000000000000007 -> sz 0
   getattr -> 0
   unique: 86, success, outsize: 160
OK: create returns.
unique: 88, opcode: WRITE (16), nodeid: 6, insize: 1906, pid: 296
   unique: 88, success, outsize: 24
unique: 90, opcode: WRITE (16), nodeid: 7, insize: 2310, pid: 301
   unique: 90, success, outsize: 24
unique: 92, opcode: LOOKUP (1), nodeid: 1, insize: 47, pid: 299
isdir: 1 is a dir
look up for mr-1-1 in 1
   unique: 92, error: -2 (No such file or directory), outsize: 16
unique: 94, opcode: RELEASE (18), nodeid: 6, insize: 64, pid: 0
   unique: 94, success, outsize: 16
unique: 96, opcode: RELEASE (18), nodeid: 7, insize: 64, pid: 0
   unique: 96, success, outsize: 16
unique: 98, opcode: CREATE (35), nodeid: 1, insize: 63, pid: 299
isdir: 1 is a dir
getfile 0000000000000008 -> sz 0
   getattr -> 0
   unique: 98, success, outsize: 160
OK: create returns.
unique: 100, opcode: WRITE (16), nodeid: 8, insize: 4176, pid: 299
   unique: 100, success, outsize: 24
unique: 102, opcode: LOOKUP (1), nodeid: 1, insize: 47, pid: 303
isdir: 1 is a dir
look up for mr-3-1 in 1
   unique: 102, error: -2 (No such file or directory), outsize: 16
unique: 104, opcode: WRITE (16), nodeid: 8, insize: 4176, pid: 299
   unique: 104, success, outsize: 24
unique: 106, opcode: CREATE (35), nodeid: 1, insize: 63, pid: 303
isdir: 1 is a dir
getfile 0000000000000009 -> sz 0
   getattr -> 0
   unique: 106, success, outsize: 160
OK: create returns.
unique: 108, opcode: WRITE (16), nodeid: 8, insize: 1902, pid: 299
   unique: 108, success, outsize: 24
unique: 110, opcode: LOOKUP (1), nodeid: 1, insize: 47, pid: 296
isdir: 1 is a dir
look up for mr-0-2 in 1
   unique: 110, error: -2 (No such file or directory), outsize: 16
unique: 112, opcode: WRITE (16), nodeid: 9, insize: 4176, pid: 303
   unique: 112, success, outsize: 24
unique: 114, opcode: RELEASE (18), nodeid: 8, insize: 64, pid: 0
   unique: 114, success, outsize: 16
unique: 116, opcode: CREATE (35), nodeid: 1, insize: 63, pid: 296
isdir: 1 is a dir
getfile 000000000000000a -> sz 0
   getattr -> 0
   unique: 116, success, outsize: 160
OK: create returns.
unique: 118, opcode: WRITE (16), nodeid: 9, insize: 4176, pid: 303
   unique: 118, success, outsize: 24
unique: 120, opcode: WRITE (16), nodeid: 10, insize: 4176, pid: 296
   unique: 120, success, outsize: 24
unique: 122, opcode: LOOKUP (1), nodeid: 1, insize: 47, pid: 301
isdir: 1 is a dir
look up for mr-2-2 in 1
   unique: 122, error: -2 (No such file or directory), outsize: 16
unique: 124, opcode: WRITE (16), nodeid: 9, insize: 4176, pid: 303
   unique: 124, success, outsize: 24
unique: 126, opcode: WRITE (16), nodeid: 10, insize: 3107, pid: 296
   unique: 126, success, outsize: 24
unique: 128, opcode: CREATE (35), nodeid: 1, insize: 63, pid: 301
isdir: 1 is a dir
getfile 000000000000000b -> sz 0
   getattr -> 0
   unique: 128, success, outsize: 160
OK: create returns.
unique: 130, opcode: WRITE (16), nodeid: 9, insize: 1506, pid: 303
   unique: 130, success, outsize: 24
unique: 132, opcode: RELEASE (18), nodeid: 10, insize: 64, pid: 0
   unique: 132, success, outsize: 16
unique: 134, opcode: WRITE (16), nodeid: 11, insize: 2697, pid: 301
   unique: 134, success, outsize: 24
unique: 136, opcode: LOOKUP (1), nodeid: 1, insize: 47, pid: 299
isdir: 1 is a dir
look up for mr-1-2 in 1
   unique: 136, error: -2 (No such file or directory), outsize: 16
unique: 138, opcode: RELEASE (18), nodeid: 9, insize: 64, pid: 0
   unique: 138, success, outsize: 16
unique: 140, opcode: RELEASE (18), nodeid: 11, insize: 64, pid: 0
   unique: 140, success, outsize: 16
unique: 142, opcode: CREATE (35), nodeid: 1, insize: 63, pid: 299
isdir: 1 is a dir
getfile 000000000000000c -> sz 0
   getattr -> 0
   unique: 142, success, outsize: 160
OK: create returns.
unique: 144, opcode: WRITE (16), nodeid: 12, insize: 4176, pid: 299
   unique: 144, success, outsize: 24
unique: 146, opcode: LOOKUP (1), nodeid: 1, insize: 47, pid: 296
isdir: 1 is a dir
look up for mr-0-3 in 1
   unique: 146, error: -2 (No such file or directory), outsize: 16
unique: 148, opcode: WRITE (16), nodeid: 12, insize: 4176, pid: 299
   unique: 148, success, outsize: 24
unique: 150, opcode: CREATE (35), nodeid: 1, insize: 63, pid: 296
isdir: 1 is a dir
getfile 000000000000000d -> sz 0
   getattr -> 0
   unique: 150, success, outsize: 160
OK: create returns.
unique: 152, opcode: WRITE (16), nodeid: 12, insize: 3255, pid: 299
   unique: 152, success, outsize: 24
unique: 154, opcode: LOOKUP (1), nodeid: 1, insize: 47, pid: 303
isdir: 1 is a dir
look up for mr-3-2 in 1
   unique: 154, error: -2 (No such file or directory), outsize: 16
unique: 156, opcode: WRITE (16), nodeid: 13, insize: 4176, pid: 296
   unique: 156, success, outsize: 24
unique: 158, opcode: RELEASE (18), nodeid: 12, insize: 64, pid: 0
   unique: 158, success, outsize: 16
unique: 160, opcode: CREATE (35), nodeid: 1, insize: 63, pid: 303
isdir: 1 is a dir
getfile 000000000000000e -> sz 0
   getattr -> 0
   unique: 160, success, outsize: 160
OK: create returns.
unique: 162, opcode: WRITE (16), nodeid: 13, insize: 1600, pid: 296
   unique: 162, success, outsize: 24
unique: 164, opcode: LOOKUP (1), nodeid: 1, insize: 47, pid: 301
isdir: 1 is a dir
look up for mr-2-3 in 1
   unique: 164, error: -2 (No such file or directory), outsize: 16
unique: 166, opcode: WRITE (16), nodeid: 14, insize: 4176, pid: 303
   unique: 166, success, outsize: 24
unique: 168, opcode: RELEASE (18), nodeid: 13, insize: 64, pid: 0
   unique: 168, success, outsize: 16
unique: 170, opcode: CREATE (35), nodeid: 1, insize: 63, pid: 301
isdir: 1 is a dir
getfile 000000000000000f -> sz 0
   getattr -> 0
   unique: 170, success, outsize: 160
OK: create returns.
unique: 172, opcode: WRITE (16), nodeid: 14, insize: 4176, pid: 303
   unique: 172, success, outsize: 24
unique: 174, opcode: WRITE (16), nodeid: 15, insize: 2380, pid: 301
   unique: 174, success, outsize: 24
unique: 176, opcode: LOOKUP (1), nodeid: 1, insize: 47, pid: 299
isdir: 1 is a dir
look up for mr-1-3 in 1
   unique: 176, error: -2 (No such file or directory), outsize: 16
unique: 178, opcode: WRITE (16), nodeid: 14, insize: 4176, pid: 303
   unique: 178, success, outsize: 24
unique: 180, opcode: RELEASE (18), nodeid: 15, insize: 64, pid: 0
   unique: 180, success, outsize: 16
unique: 182, opcode: CREATE (35), nodeid: 1, insize: 63, pid: 299
isdir: 1 is a dir
getfile 0000000000000010 -> sz 0
   getattr -> 0
   unique: 182, success, outsize: 160
OK: create returns.
unique: 184, opcode: WRITE (16), nodeid: 14, insize: 3314, pid: 303
   unique: 184, success, outsize: 24
unique: 186, opcode: WRITE (16), nodeid: 16, insize: 4176, pid: 299
   unique: 186, success, outsize: 24
unique: 188, opcode: LOOKUP (1), nodeid: 1, insize: 47, pid: 296
isdir: 1 is a dir
look up for mr-4-0 in 1
   unique: 188, error: -2 (No such file or directory), outsize: 16
unique: 190, opcode: RELEASE (18), nodeid: 14, insize: 64, pid: 0
   unique: 190, success, outsize: 16
unique: 192, opcode: WRITE (16), nodeid: 16, insize: 4176, pid: 299
   unique: 192, success, outsize: 24
unique: 194, opcode: CREATE (35), nodeid: 1, insize: 63, pid: 296
isdir: 1 is a dir
getfile 0000000000000011 -> sz 0
   getattr -> 0
   unique: 194, success, outsize: 160
OK: create returns.
unique: 196, opcode: WRITE (16), nodeid: 16, insize: 1154, pid: 299
   unique: 196, success, outsize: 24
unique: 198, opcode: WRITE (16), nodeid: 17, insize: 4176, pid: 296
   unique: 198, success, outsize: 24
unique: 200, opcode: LOOKUP (1), nodeid: 1, insize: 47, pid: 301
isdir: 1 is a dir
look up for mr-5-0 in 1
   unique: 200, error: -2 (No such file or directory), outsize: 16
unique: 202, opcode: RELEASE (18), nodeid: 16, insize: 64, pid: 0
   unique: 202, success, outsize: 16
unique: 204, opcode: WRITE (16), nodeid: 17, insize: 1607, pid: 296
   unique: 204, success, outsize: 24
unique: 206, opcode: CREATE (35), nodeid: 1, insize: 63, pid: 301
isdir: 1 is a dir
getfile 0000000000000012 -> sz 0
   getattr -> 0
   unique: 206, success, outsize: 160
OK: create returns.
unique: 208, opcode: RELEASE (18), nodeid: 17, insize: 64, pid: 0
   unique: 208, success, outsize: 16
unique: 210, opcode: WRITE (16), nodeid: 18, insize: 1754, pid: 301
   unique: 210, success, outsize: 24
unique: 212, opcode: LOOKUP (1), nodeid: 1, insize: 47, pid: 303
isdir: 1 is a dir
look up for mr-3-3 in 1
   unique: 212, error: -2 (No such file or directory), outsize: 16
unique: 214, opcode: RELEASE (18), nodeid: 18, insize: 64, pid: 0
   unique: 214, success, outsize: 16
unique: 216, opcode: CREATE (35), nodeid: 1, insize: 63, pid: 303
isdir: 1 is a dir
getfile 0000000000000013 -> sz 0
   getattr -> 0
   unique: 216, success, outsize: 160
OK: create returns.
unique: 218, opcode: WRITE (16), nodeid: 19, insize: 4176, pid: 303
   unique: 218, success, outsize: 24
unique: 220, opcode: LOOKUP (1), nodeid: 1, insize: 47, pid: 296
isdir: 1 is a dir
look up for mr-4-1 in 1
   unique: 220, error: -2 (No such file or directory), outsize: 16
unique: 222, opcode: WRITE (16), nodeid: 19, insize: 4176, pid: 303
   unique: 222, success, outsize: 24
unique: 224, opcode: CREATE (35), nodeid: 1, insize: 63, pid: 296
isdir: 1 is a dir
getfile 0000000000000014 -> sz 0
   getattr -> 0
   unique: 224, success, outsize: 160
OK: create returns.
unique: 226, opcode: WRITE (16), nodeid: 19, insize: 3352, pid: 303
   unique: 226, success, outsize: 24
unique: 228, opcode: WRITE (16), nodeid: 20, insize: 4176, pid: 296
   unique: 228, success, outsize: 24
unique: 230, opcode: LOOKUP (1), nodeid: 1, insize: 47, pid: 301
isdir: 1 is a dir
look up for mr-5-1 in 1
   unique: 230, error: -2 (No such file or directory), outsize: 16
unique: 232, opcode: RELEASE (18), nodeid: 19, insize: 64, pid: 0
   unique: 232, success, outsize: 16
unique: 234, opcode: WRITE (16), nodeid: 20, insize: 2389, pid: 296
   unique: 234, success, outsize: 24
unique: 236, opcode: CREATE (35), nodeid: 1, insize: 63, pid: 301
isdir: 1 is a dir
getfile 0000000000000015 -> sz 0
   getattr -> 0
   unique: 236, success, outsize: 160
OK: create returns.
unique: 238, opcode: RELEASE (18), nodeid: 20, insize: 64, pid: 0
   unique: 238, success, outsize: 16
unique: 240, opcode: LOOKUP (1), nodeid: 1, insize: 47, pid: 296
isdir: 1 is a dir
look up for mr-4-2 in 1
   unique: 240, error: -2 (No such file or directory), outsize: 16
unique: 242, opcode: WRITE (16), nodeid: 21, insize: 2329, pid: 301
   unique: 242, success, outsize: 24
unique: 244, opcode: CREATE (35), nodeid: 1, insize: 63, pid: 296
isdir: 1 is a dir
getfile 0000000000000016 -> sz 0
   getattr -> 0
   unique: 244, success, outsize: 160
OK: create returns.
unique: 246, opcode: RELEASE (18), nodeid: 21, insize: 64, pid: 0
   unique: 246, success, outsize: 16
unique: 248, opcode: WRITE (16), nodeid: 22, insize: 4176, pid: 296
   unique: 248, success, outsize: 24
unique: 250, opcode: LOOKUP (1), nodeid: 1, insize: 47, pid: 301
isdir: 1 is a dir
look up for mr-5-2 in 1
   unique: 250, error: -2 (No such file or directory), outsize: 16
unique: 252, opcode: WRITE (16), nodeid: 22, insize: 3619, pid: 296
   unique: 252, success, outsize: 24
unique: 254, opcode: CREATE (35), nodeid: 1, insize: 63, pid: 301
isdir: 1 is a dir
getfile 0000000000000017 -> sz 0
   getattr -> 0
   unique: 254, success, outsize: 160
OK: create returns.
unique: 256, opcode: RELEASE (18), nodeid: 22, insize: 64, pid: 0
   unique: 256, success, outsize: 16
unique: 258, opcode: WRITE (16), nodeid: 23, insize: 2403, pid: 301
   unique: 258, success, outsize: 24
unique: 260, opcode: LOOKUP (1), nodeid: 1, insize: 47, pid: 296
isdir: 1 is a dir
look up for mr-4-3 in 1
   unique: 260, error: -2 (No such file or directory), outsize: 16
unique: 262, opcode: RELEASE (18), nodeid: 23, insize: 64, pid: 0
   unique: 262, success, outsize: 16
unique: 264, opcode: CREATE (35), nodeid: 1, insize: 63, pid: 296
isdir: 1 is a dir
getfile 0000000000000018 -> sz 0
   getattr -> 0
   unique: 264, success, outsize: 160
OK: create returns.
unique: 266, opcode: WRITE (16), nodeid: 24, insize: 4176, pid: 296
   unique: 266, success, outsize: 24
unique: 268, opcode: LOOKUP (1), nodeid: 1, insize: 47, pid: 301
isdir: 1 is a dir
look up for mr-5-3 in 1
   unique: 268, error: -2 (No such file or directory), outsize: 16
unique: 270, opcode: WRITE (16), nodeid: 24, insize: 2097, pid: 296
   unique: 270, success, outsize: 24
unique: 272, opcode: CREATE (35), nodeid: 1, insize: 63, pid: 301
isdir: 1 is a dir
getfile 0000000000000019 -> sz 0
   getattr -> 0
   unique: 272, success, outsize: 160
OK: create returns.
unique: 274, opcode: RELEASE (18), nodeid: 24, insize: 64, pid: 0
   unique: 274, success, outsize: 16
unique: 276, opcode: WRITE (16), nodeid: 25, insize: 2410, pid: 301
   unique: 276, success, outsize: 24
unique: 278, opcode: RELEASE (18), nodeid: 25, insize: 64, pid: 0
   unique: 278, success, outsize: 16
unique: 280, opcode: LOOKUP (1), nodeid: 1, insize: 47, pid: 301
isdir: 1 is a dir
look up for mr-0-0 in 1
getfile 0000000000000002 -> sz 5924
   getattr -> 5924
   unique: 280, success, outsize: 144
unique: 282, opcode: OPEN (14), nodeid: 2, insize: 48, pid: 301
   unique: 282, success, outsize: 32
unique: 284, opcode: GETATTR (3), nodeid: 2, insize: 56, pid: 301
getfile 0000000000000002 -> sz 5924
   getattr -> 5924
   unique: 284, success, outsize: 120
unique: 286, opcode: READ (15), nodeid: 2, insize: 80, pid: 301
   unique: 286, success, outsize: 5940
fuse read 2 13772200
unique: 288, opcode: GETATTR (3), nodeid: 2, insize: 56, pid: 301
getfile 0000000000000002 -> sz 5924
   getattr -> 5924
   unique: 288, success, outsize: 120
unique: 290, opcode: RELEASE (18), nodeid: 2, insize: 64, pid: 0
   unique: 290, success, outsize: 16
unique: 292, opcode: LOOKUP (1), nodeid: 1, insize: 47, pid: 301
isdir: 1 is a dir
look up for mr-1-0 in 1
getfile 0000000000000004 -> sz 7965
   getattr -> 7965
   unique: 292, success, outsize: 144
unique: 294, opcode: OPEN (14), nodeid: 4, insize: 48, pid: 301
   unique: 294, success, outsize: 32
unique: 296, opcode: GETATTR (3), nodeid: 4, insize: 56, pid: 301
getfile 0000000000000004 -> sz 7965
   getattr -> 7965
   unique: 296, success, outsize: 120
unique: 298, opcode: READ (15), nodeid: 4, insize: 80, pid: 301
   unique: 298, success, outsize: 7981
fuse read 4 11052300
unique: 300, opcode: GETATTR (3), nodeid: 4, insize: 56, pid: 301
getfile 0000000000000004 -> sz 7965
   getattr -> 7965
   unique: 300, success, outsize: 120
unique: 302, opcode: RELEASE (18), nodeid: 4, insize: 64, pid: 0
   unique: 302, success, outsize: 16
unique: 304, opcode: LOOKUP (1), nodeid: 1, insize: 47, pid: 301
isdir: 1 is a dir
look up for mr-2-0 in 1
getfile 0000000000000003 -> sz 2039
   getattr -> 2039
   unique: 304, success, outsize: 144
unique: 306, opcode: OPEN (14), nodeid: 3, insize: 48, pid: 301
   unique: 306, success, outsize: 32
unique: 308, opcode: GETATTR (3), nodeid: 3, insize: 56, pid: 301
getfile 0000000000000003 -> sz 2039
   getattr -> 2039
   unique: 308, success, outsize: 120
unique: 310, opcode: READ (15), nodeid: 3, insize: 80, pid: 301
   unique: 310, success, outsize: 2055
fuse read 3 16274200
unique: 312, opcode: LOOKUP (1), nodeid: 1, insize: 47, pid: 299
isdir: 1 is a dir
look up for mr-0-1 in 1
getfile 0000000000000006 -> sz 5922
   getattr -> 5922
   unique: 312, success, outsize: 144
unique: 314, opcode: GETATTR (3), nodeid: 3, insize: 56, pid: 301
getfile 0000000000000003 -> sz 2039
   getattr -> 2039
   unique: 314, success, outsize: 120
unique: 316, opcode: OPEN (14), nodeid: 6, insize: 48, pid: 299
   unique: 316, success, outsize: 32
unique: 318, opcode: RELEASE (18), nodeid: 3, insize: 64, pid: 0
   unique: 318, success, outsize: 16
unique: 320, opcode: LOOKUP (1), nodeid: 1, insize: 47, pid: 301
isdir: 1 is a dir
look up for mr-3-0 in 1
getfile 0000000000000005 -> sz 10962
   getattr -> 10962
   unique: 320, success, outsize: 144
unique: 322, opcode: GETATTR (3), nodeid: 6, insize: 56, pid: 299
getfile 0000000000000006 -> sz 5922
   getattr -> 5922
   unique: 322, success, outsize: 120
unique: 324, opcode: OPEN (14), nodeid: 5, insize: 48, pid: 301
   unique: 324, success, outsize: 32
unique: 326, opcode: READ (15), nodeid: 6, insize: 80, pid: 299
   unique: 326, success, outsize: 5938
fuse read 6 10736000
unique: 328, opcode: READ (15), nodeid: 5, insize: 80, pid: 301
   unique: 328, success, outsize: 10978
fuse read 5 10068800
unique: 330, opcode: GETATTR (3), nodeid: 6, insize: 56, pid: 299
getfile 0000000000000006 -> sz 5922
   getattr -> 5922
   unique: 330, success, outsize: 120
unique: 332, opcode: GETATTR (3), nodeid: 5, insize: 56, pid: 301
getfile 0000000000000005 -> sz 10962
   getattr -> 10962
   unique: 332, success, outsize: 120
unique: 334, opcode: RELEASE (18), nodeid: 6, insize: 64, pid: 0
   unique: 334, success, outsize: 16
unique: 336, opcode: LOOKUP (1), nodeid: 1, insize: 47, pid: 299
isdir: 1 is a dir
look up for mr-1-1 in 1
getfile 0000000000000008 -> sz 10014
   getattr -> 10014
   unique: 336, success, outsize: 144
unique: 338, opcode: GETATTR (3), nodeid: 5, insize: 56, pid: 301
getfile 0000000000000005 -> sz 10962
   getattr -> 10962
   unique: 338, success, outsize: 120
unique: 340, opcode: LOOKUP (1), nodeid: 1, insize: 47, pid: 303
isdir: 1 is a dir
look up for mr-0-2 in 1
getfile 000000000000000a -> sz 7123
   getattr -> 7123
   unique: 340, success, outsize: 144
unique: 342, opcode: OPEN (14), nodeid: 8, insize: 48, pid: 299
   unique: 342, success, outsize: 32
unique: 344, opcode: RELEASE (18), nodeid: 5, insize: 64, pid: 0
   unique: 344, success, outsize: 16
unique: 346, opcode: LOOKUP (1), nodeid: 1, insize: 47, pid: 301
isdir: 1 is a dir
look up for mr-4-0 in 1
getfile 0000000000000011 -> sz 5623
   getattr -> 5623
   unique: 346, success, outsize: 144
unique: 348, opcode: OPEN (14), nodeid: 10, insize: 48, pid: 303
   unique: 348, success, outsize: 32
unique: 350, opcode: READ (15), nodeid: 8, insize: 80, pid: 299
   unique: 350, success, outsize: 10030
fuse read 8 12497700
unique: 352, opcode: OPEN (14), nodeid: 17, insize: 48, pid: 301
   unique: 352, success, outsize: 32
unique: 354, opcode: GETATTR (3), nodeid: 10, insize: 56, pid: 303
getfile 000000000000000a -> sz 7123
   getattr -> 7123
   unique: 354, success, outsize: 120
unique: 356, opcode: GETATTR (3), nodeid: 8, insize: 56, pid: 299
getfile 0000000000000008 -> sz 10014
   getattr -> 10014
   unique: 356, success, outsize: 120
unique: 358, opcode: GETATTR (3), nodeid: 17, insize: 56, pid: 301
getfile 0000000000000011 -> sz 5623
   getattr -> 5623
   unique: 358, success, outsize: 120
unique: 360, opcode: READ (15), nodeid: 10, insize: 80, pid: 303
   unique: 360, success, outsize: 7139
fuse read 10 7189000
unique: 362, opcode: GETATTR (3), nodeid: 8, insize: 56, pid: 299
getfile 0000000000000008 -> sz 10014
   getattr -> 10014
   unique: 362, success, outsize: 120
unique: 364, opcode: READ (15), nodeid: 17, insize: 80, pid: 301
   unique: 364, success, outsize: 5639
fuse read 17 21231900
unique: 366, opcode: GETATTR (3), nodeid: 10, insize: 56, pid: 303
getfile 000000000000000a -> sz 7123
   getattr -> 7123
   unique: 366, success, outsize: 120
unique: 368, opcode: RELEASE (18), nodeid: 8, insize: 64, pid: 0
   unique: 368, success, outsize: 16
unique: 372, opcode: GETATTR (3), nodeid: 17, insize: 56, pid: 301
getfile 0000000000000011 -> sz 5623
   getattr -> 5623
   unique: 372, success, outsize: 120
unique: 376, opcode: RELEASE (18), nodeid: 10, insize: 64, pid: 0
   unique: 376, success, outsize: 16
unique: 378, opcode: LOOKUP (1), nodeid: 1, insize: 47, pid: 303
isdir: 1 is a dir
look up for mr-1-2 in 1
getfile 000000000000000c -> sz 11367
   getattr -> 11367
   unique: 378, success, outsize: 144
unique: 380, opcode: RELEASE (18), nodeid: 17, insize: 64, pid: 0
   unique: 380, success, outsize: 16
unique: 382, opcode: OPEN (14), nodeid: 12, insize: 48, pid: 303
   unique: 382, success, outsize: 32
unique: 384, opcode: FORGET (2), nodeid: 7, insize: 48, pid: 0
unique: 386, opcode: READ (15), nodeid: 12, insize: 80, pid: 303
   unique: 386, success, outsize: 11383
fuse read 12 13709400
unique: 388, opcode: GETATTR (3), nodeid: 12, insize: 56, pid: 303
getfile 000000000000000c -> sz 11367
   getattr -> 11367
   unique: 388, success, outsize: 120
unique: 390, opcode: RELEASE (18), nodeid: 12, insize: 64, pid: 0
   unique: 390, success, outsize: 16
unique: 392, opcode: OPENDIR (27), nodeid: 1, insize: 48, pid: 305
   unique: 392, success, outsize: 32
unique: 394, opcode: GETATTR (3), nodeid: 1, insize: 56, pid: 306
getdir 0000000000000001
   getattr -> 1635603229 1635603228 1635603229
   unique: 394, success, outsize: 120
unique: 396, opcode: GETATTR (3), nodeid: 1, insize: 56, pid: 305
getdir 0000000000000001
   getattr -> 1635603229 1635603228 1635603229
   unique: 396, success, outsize: 120
unique: 398, opcode: LOOKUP (1), nodeid: 1, insize: 50, pid: 306
isdir: 1 is a dir
look up for mr-wc-all in 1
   unique: 398, error: -2 (No such file or directory), outsize: 16
unique: 400, opcode: CREATE (35), nodeid: 1, insize: 66, pid: 306
isdir: 1 is a dir
getfile 000000000000001a -> sz 0
   getattr -> 0
   unique: 400, success, outsize: 160
OK: create returns.
unique: 402, opcode: READDIR (28), nodeid: 1, insize: 80, pid: 305
fuseserver_readdir
isdir: 1 is a dir
   unique: 402, success, outsize: 824
unique: 404, opcode: GETATTR (3), nodeid: 26, insize: 56, pid: 306
getfile 000000000000001a -> sz 0
   getattr -> 0
   unique: 404, success, outsize: 120
unique: 406, opcode: READDIR (28), nodeid: 1, insize: 80, pid: 305
fuseserver_readdir
isdir: 1 is a dir
   unique: 406, success, outsize: 16
unique: 408, opcode: RELEASEDIR (29), nodeid: 1, insize: 64, pid: 0
   unique: 408, success, outsize: 16
unique: 410, opcode: GETATTR (3), nodeid: 1, insize: 56, pid: 305
getdir 0000000000000001
   getattr -> 1635603234 1635603234 1635603234
   unique: 410, success, outsize: 120
unique: 412, opcode: LOOKUP (1), nodeid: 1, insize: 48, pid: 305
isdir: 1 is a dir
look up for mr-out* in 1
   unique: 412, error: -2 (No such file or directory), outsize: 16
unique: 414, opcode: RELEASE (18), nodeid: 26, insize: 64, pid: 0
   unique: 414, success, outsize: 16
unique: 416, opcode: GETATTR (3), nodeid: 1, insize: 56, pid: 276
getdir 0000000000000001
   getattr -> 1635603234 1635603234 1635603234
   unique: 416, success, outsize: 120
unique: 418, opcode: GETATTR (3), nodeid: 1, insize: 56, pid: 276
getdir 0000000000000001
   getattr -> 1635603234 1635603234 1635603234
   unique: 418, success, outsize: 120
unique: 420, opcode: GETATTR (3), nodeid: 1, insize: 56, pid: 308
getdir 0000000000000001
   getattr -> 1635603234 1635603234 1635603234
   unique: 420, success, outsize: 120
unique: 422, opcode: GETATTR (3), nodeid: 1, insize: 56, pid: 308
getdir 0000000000000001
   getattr -> 1635603234 1635603234 1635603234
   unique: 422, success, outsize: 120
unique: 424, opcode: GETATTR (3), nodeid: 1, insize: 56, pid: 276
getdir 0000000000000001
   getattr -> 1635603234 1635603234 1635603234
   unique: 424, success, outsize: 120
unique: 426, opcode: GETATTR (3), nodeid: 1, insize: 56, pid: 276
getdir 0000000000000001
   getattr -> 1635603234 1635603234 1635603234
   unique: 426, success, outsize: 120
unique: 428, opcode: OPENDIR (27), nodeid: 1, insize: 48, pid: 314
   unique: 428, success, outsize: 32
unique: 430, opcode: RELEASEDIR (29), nodeid: 1, insize: 64, pid: 0
   unique: 430, success, outsize: 16
unique: 432, opcode: GETATTR (3), nodeid: 1, insize: 56, pid: 276
getdir 0000000000000001
   getattr -> 1635603234 1635603234 1635603234
   unique: 432, success, outsize: 120
unique: 434, opcode: LOOKUP (1), nodeid: 1, insize: 50, pid: 323
isdir: 1 is a dir
look up for mr-wc-all in 1
getfile 000000000000001a -> sz 0
   getattr -> 0
   unique: 434, success, outsize: 144
unique: 436, opcode: OPEN (14), nodeid: 26, insize: 48, pid: 323
   unique: 436, success, outsize: 32
unique: 438, opcode: GETATTR (3), nodeid: 26, insize: 56, pid: 323
getfile 000000000000001a -> sz 0
   getattr -> 0
   unique: 438, success, outsize: 120
unique: 440, opcode: GETATTR (3), nodeid: 26, insize: 56, pid: 323
getfile 000000000000001a -> sz 0
   getattr -> 0
   unique: 440, success, outsize: 120
unique: 442, opcode: READ (15), nodeid: 26, insize: 80, pid: 323
   unique: 442, success, outsize: 16
fuse read 26 9659500
unique: 444, opcode: RELEASE (18), nodeid: 26, insize: 64, pid: 0
   unique: 444, success, outsize: 16
