extent_server: getattr 1
inode getattr 1
extent_server: getattr 1
inode getattr 1
extent_server: get 1
inode read 1
inode finish read 1
extent_server: getattr 1
inode getattr 1
extent_server: get 1
inode read 1
inode finish read 1
extent_server: getattr 1
inode getattr 1
extent_server: get 1
inode read 1
inode finish read 1
extent_server: getattr 1
inode getattr 1
extent_server: getattr 1
inode getattr 1
extent_server: getattr 1
inode getattr 1
extent_server: getattr 1
inode getattr 1
extent_server: getattr 1
inode getattr 1
extent_server: getattr 1
inode getattr 1
extent_server: getattr 1
inode getattr 1
extent_server: getattr 1
inode getattr 1
extent_server: get 1
inode read 1
inode finish read 1
extent_server: getattr 1
inode getattr 1
extent_server: get 1
inode read 1
inode finish read 1
extent_server: create inode
extent_server: get 1
inode read 1
inode finish read 1
extent_server: getattr 2
inode getattr 2
extent_server: getattr 1
inode getattr 1
extent_server: get 1
inode read 1
inode finish read 1
extent_server: getattr 1
inode getattr 1
extent_server: get 1
inode read 1
inode finish read 1
extent_server: create inode
extent_server: get 1
inode read 1
inode finish read 1
extent_server: getattr 3
inode getattr 3
extent_server: get 2
inode read 2
inode finish read 2
extent_server: getattr 1
inode getattr 1
extent_server: get 1
inode read 1
inode finish read 1
extent_server: getattr 1
inode getattr 1
extent_server: get 1
inode read 1
inode finish read 1
extent_server: create inode
extent_server: get 1
inode read 1
inode finish read 1
extent_server: getattr 4
inode getattr 4
extent_server: getattr 1
inode getattr 1
extent_server: get 1
inode read 1
inode finish read 1
extent_server: get 4
inode read 4
inode finish read 4
extent_server: getattr 1
inode getattr 1
extent_server: get 1
inode read 1
inode finish read 1
extent_server: create inode
extent_server: get 1
inode read 1
inode finish read 1
extent_server: getattr 5
inode getattr 5
extent_server: getattr 1
inode getattr 1
extent_server: get 1
inode read 1
inode finish read 1
extent_server: get 5
inode read 5
inode finish read 5
extent_server: getattr 1
inode getattr 1
extent_server: get 1
inode read 1
inode finish read 1
extent_server: create inode
extent_server: get 1
inode read 1
inode finish read 1
extent_server: getattr 6
inode getattr 6
extent_server: get 5
inode read 5
inode finish read 5
extent_server: getattr 1
inode getattr 1
extent_server: get 1
inode read 1
inode finish read 1
extent_server: getattr 1
inode getattr 1
extent_server: get 1
inode read 1
inode finish read 1
extent_server: create inode
extent_server: get 1
inode read 1
inode finish read 1
extent_server: getattr 7
inode getattr 7
extent_server: get 6
inode read 6
inode finish read 6
extent_server: getattr 1
inode getattr 1
extent_server: get 1
inode read 1
inode finish read 1
extent_server: getattr 1
inode getattr 1
extent_server: get 1
inode read 1
inode finish read 1
extent_server: create inode
extent_server: get 1
inode read 1
inode finish read 1
extent_server: getattr 8
inode getattr 8
extent_server: getattr 1
inode getattr 1
extent_server: get 1
inode read 1
inode finish read 1
extent_server: get 8
inode read 8
inode finish read 8
extent_server: getattr 1
inode getattr 1
extent_server: get 1
inode read 1
inode finish read 1
extent_server: create inode
extent_server: get 1
inode read 1
inode finish read 1
extent_server: getattr 9
inode getattr 9
extent_server: get 8
inode read 8
inode finish read 8
extent_server: getattr 1
inode getattr 1
extent_server: get 1
inode read 1
inode finish read 1
extent_server: getattr 1
inode getattr 1
extent_server: get 1
inode read 1
inode finish read 1
extent_server: create inode
extent_server: get 1
inode read 1
inode finish read 1
extent_server: getattr 10
inode getattr 10
extent_server: get 9
inode read 9
inode finish read 9
extent_server: getattr 1
inode getattr 1
extent_server: get 1
inode read 1
inode finish read 1
extent_server: get 9
inode read 9
inode finish read 9
extent_server: get 10
inode read 10
inode finish read 10
extent_server: getattr 1
inode getattr 1
extent_server: get 1
inode read 1
inode finish read 1
extent_server: create inode
extent_server: get 1
inode read 1
inode finish read 1
extent_server: getattr 11
inode getattr 11
extent_server: get 9
inode read 9
inode finish read 9
extent_server: getattr 1
inode getattr 1
extent_server: get 1
inode read 1
inode finish read 1
extent_server: getattr 1
inode getattr 1
extent_server: get 1
inode read 1
inode finish read 1
extent_server: create inode
extent_server: get 1
inode read 1
inode finish read 1
extent_server: getattr 12
inode getattr 12
extent_server: getattr 1
inode getattr 1
extent_server: get 1
inode read 1
inode finish read 1
extent_server: get 12
inode read 12
inode finish read 12
extent_server: getattr 1
inode getattr 1
extent_server: get 1
inode read 1
inode finish read 1
extent_server: create inode
extent_server: get 1
inode read 1
inode finish read 1
extent_server: getattr 13
inode getattr 13
extent_server: get 12
inode read 12
inode finish read 12
extent_server: getattr 1
inode getattr 1
extent_server: get 1
inode read 1
inode finish read 1
extent_server: getattr 1
inode getattr 1
extent_server: get 1
inode read 1
inode finish read 1
extent_server: create inode
extent_server: get 1
inode read 1
inode finish read 1
extent_server: getattr 14
inode getattr 14
extent_server: get 13
inode read 13
inode finish read 13
extent_server: getattr 1
inode getattr 1
extent_server: get 1
inode read 1
inode finish read 1
extent_server: getattr 1
inode getattr 1
extent_server: get 1
inode read 1
inode finish read 1
extent_server: create inode
extent_server: get 1
inode read 1
inode finish read 1
extent_server: getattr 15
inode getattr 15
extent_server: get 14
inode read 14
inode finish read 14
extent_server: getattr 1
inode getattr 1
extent_server: get 1
inode read 1
inode finish read 1
extent_server: get 14
inode read 14
inode finish read 14
extent_server: getattr 1
inode getattr 1
extent_server: get 1
inode read 1
inode finish read 1
extent_server: create inode
extent_server: get 1
inode read 1
inode finish read 1
extent_server: getattr 16
inode getattr 16
extent_server: get 14
inode read 14
inode finish read 14
extent_server: getattr 1
inode getattr 1
extent_server: get 1
inode read 1
inode finish read 1
extent_server: get 16
inode read 16
inode finish read 16
extent_server: getattr 1
inode getattr 1
extent_server: get 1
inode read 1
inode finish read 1
extent_server: create inode
extent_server: get 1
inode read 1
inode finish read 1
extent_server: getattr 17
inode getattr 17
extent_server: get 16
inode read 16
inode finish read 16
extent_server: getattr 1
inode getattr 1
extent_server: get 1
inode read 1
inode finish read 1
extent_server: get 17
inode read 17
inode finish read 17
extent_server: getattr 1
inode getattr 1
extent_server: get 1
inode read 1
inode finish read 1
extent_server: create inode
extent_server: get 1
inode read 1
inode finish read 1
extent_server: getattr 18
inode getattr 18
extent_server: getattr 1
inode getattr 1
extent_server: get 1
inode read 1
inode finish read 1
extent_server: getattr 1
inode getattr 1
extent_server: get 1
inode read 1
inode finish read 1
extent_server: create inode
extent_server: get 1
inode read 1
inode finish read 1
extent_server: getattr 19
inode getattr 19
extent_server: getattr 1
inode getattr 1
extent_server: get 1
inode read 1
inode finish read 1
extent_server: get 19
inode read 19
inode finish read 19
extent_server: getattr 1
inode getattr 1
extent_server: get 1
inode read 1
inode finish read 1
extent_server: create inode
extent_server: get 1
inode read 1
inode finish read 1
extent_server: getattr 20
inode getattr 20
extent_server: get 19
inode read 19
inode finish read 19
extent_server: getattr 1
inode getattr 1
extent_server: get 1
inode read 1
inode finish read 1
extent_server: get 20
inode read 20
inode finish read 20
extent_server: getattr 1
inode getattr 1
extent_server: get 1
inode read 1
inode finish read 1
extent_server: create inode
extent_server: get 1
inode read 1
inode finish read 1
extent_server: getattr 21
inode getattr 21
extent_server: getattr 1
inode getattr 1
extent_server: get 1
inode read 1
inode finish read 1
extent_server: getattr 1
inode getattr 1
extent_server: get 1
inode read 1
inode finish read 1
extent_server: create inode
extent_server: get 1
inode read 1
inode finish read 1
extent_server: getattr 22
inode getattr 22
extent_server: getattr 1
inode getattr 1
extent_server: get 1
inode read 1
inode finish read 1
extent_server: get 22
inode read 22
inode finish read 22
extent_server: getattr 1
inode getattr 1
extent_server: get 1
inode read 1
inode finish read 1
extent_server: create inode
extent_server: get 1
inode read 1
inode finish read 1
extent_server: getattr 23
inode getattr 23
extent_server: getattr 1
inode getattr 1
extent_server: get 1
inode read 1
inode finish read 1
extent_server: getattr 1
inode getattr 1
extent_server: get 1
inode read 1
inode finish read 1
extent_server: create inode
extent_server: get 1
inode read 1
inode finish read 1
extent_server: getattr 24
inode getattr 24
extent_server: getattr 1
inode getattr 1
extent_server: get 1
inode read 1
inode finish read 1
extent_server: get 24
inode read 24
inode finish read 24
extent_server: getattr 1
inode getattr 1
extent_server: get 1
inode read 1
inode finish read 1
extent_server: create inode
extent_server: get 1
inode read 1
inode finish read 1
extent_server: getattr 25
inode getattr 25
extent_server: getattr 1
inode getattr 1
extent_server: get 1
inode read 1
inode finish read 1
extent_server: getattr 2
inode getattr 2
extent_server: getattr 2
inode getattr 2
extent_server: get 2
inode read 2
inode finish read 2
extent_server: getattr 2
inode getattr 2
extent_server: getattr 1
inode getattr 1
extent_server: get 1
inode read 1
inode finish read 1
extent_server: getattr 4
inode getattr 4
extent_server: getattr 4
inode getattr 4
extent_server: get 4
inode read 4
inode finish read 4
extent_server: getattr 4
inode getattr 4
extent_server: getattr 1
inode getattr 1
extent_server: get 1
inode read 1
inode finish read 1
extent_server: getattr 3
inode getattr 3
extent_server: getattr 3
inode getattr 3
extent_server: get 3
inode read 3
inode finish read 3
extent_server: getattr 1
inode getattr 1
extent_server: get 1
inode read 1
inode finish read 1
extent_server: getattr 6
inode getattr 6
extent_server: getattr 3
inode getattr 3
extent_server: getattr 1
inode getattr 1
extent_server: get 1
inode read 1
inode finish read 1
extent_server: getattr 5
inode getattr 5
extent_server: getattr 6
inode getattr 6
extent_server: get 6
inode read 6
inode finish read 6
extent_server: get 5
inode read 5
inode finish read 5
extent_server: getattr 6
inode getattr 6
extent_server: getattr 5
inode getattr 5
extent_server: getattr 1
inode getattr 1
extent_server: get 1
inode read 1
inode finish read 1
extent_server: getattr 8
inode getattr 8
extent_server: getattr 5
inode getattr 5
extent_server: getattr 1
inode getattr 1
extent_server: get 1
inode read 1
inode finish read 1
extent_server: getattr 10
inode getattr 10
extent_server: getattr 1
inode getattr 1
extent_server: get 1
inode read 1
inode finish read 1
extent_server: getattr 17
inode getattr 17
extent_server: get 8
inode read 8
inode finish read 8
extent_server: getattr 10
inode getattr 10
extent_server: getattr 8
inode getattr 8
extent_server: getattr 17
inode getattr 17
extent_server: get 10
inode read 10
inode finish read 10
extent_server: getattr 8
inode getattr 8
extent_server: get 17
inode read 17
inode finish read 17
extent_server: getattr 10
inode getattr 10
extent_server: getattr 17
inode getattr 17
extent_server: getattr 1
inode getattr 1
extent_server: get 1
inode read 1
inode finish read 1
extent_server: getattr 12
inode getattr 12
extent_server: get 12
inode read 12
inode finish read 12
extent_server: getattr 12
inode getattr 12
extent_server: getattr 1
inode getattr 1
extent_server: getattr 1
inode getattr 1
extent_server: getattr 1
inode getattr 1
extent_server: get 1
inode read 1
inode finish read 1
extent_server: getattr 1
inode getattr 1
extent_server: get 1
inode read 1
inode finish read 1
extent_server: create inode
extent_server: get 1
inode read 1
inode finish read 1
extent_server: getattr 26
inode getattr 26
extent_server: getattr 1
inode getattr 1
extent_server: get 1
inode read 1
inode finish read 1
extent_server: getattr 26
inode getattr 26
extent_server: getattr 1
inode getattr 1
extent_server: get 1
inode read 1
inode finish read 1
extent_server: getattr 1
inode getattr 1
extent_server: getattr 1
inode getattr 1
extent_server: get 1
inode read 1
inode finish read 1
extent_server: getattr 1
inode getattr 1
extent_server: getattr 1
inode getattr 1
extent_server: getattr 1
inode getattr 1
extent_server: getattr 1
inode getattr 1
extent_server: getattr 1
inode getattr 1
extent_server: getattr 1
inode getattr 1
extent_server: getattr 1
inode getattr 1
extent_server: getattr 1
inode getattr 1
extent_server: get 1
inode read 1
inode finish read 1
extent_server: getattr 26
inode getattr 26
extent_server: getattr 26
inode getattr 26
extent_server: getattr 26
inode getattr 26
extent_server: get 26
inode read 26
inode finish read 26
